2018-10-15 15:13:55,377 [INFO] [main] com.qualityshop.ApiApplication [Jdk14Logger.java : 99] Starting ApiApplication on DESKTOP-TLNGCTM with PID 6348 (D:\Project\qualityshop\qualityshop-api\target\classes started by abc in D:\Project\qualityshop)
2018-10-15 15:13:55,401 [DEBUG] [main] com.qualityshop.ApiApplication [Jdk14Logger.java : 99] Running with Spring Boot v2.0.5.RELEASE, Spring v5.0.9.RELEASE
2018-10-15 15:13:55,403 [INFO] [main] com.qualityshop.ApiApplication [Jdk14Logger.java : 99] The following profiles are active: dev
2018-10-15 15:13:55,927 [INFO] [main] o.s.b.w.s.c.AnnotationConfigServletWebServerApplicationContext [Jdk14Logger.java : 99] Refreshing org.springframework.boot.web.servlet.context.AnnotationConfigServletWebServerApplicationContext@1e8ce150: startup date [Mon Oct 15 15:13:55 CST 2018]; root of context hierarchy
2018-10-15 15:14:00,029 [INFO] [main] o.s.data.repository.config.RepositoryConfigurationDelegate [RepositoryConfigurationDelegate.java : 172] Multiple Spring Data modules found, entering strict repository configuration mode!
2018-10-15 15:14:01,145 [INFO] [main] o.s.c.s.PostProcessorRegistrationDelegate$BeanPostProcessorChecker [Jdk14Logger.java : 99] Bean 'org.springframework.transaction.annotation.ProxyTransactionManagementConfiguration' of type [org.springframework.transaction.annotation.ProxyTransactionManagementConfiguration$$EnhancerBySpringCGLIB$$93024af] is not eligible for getting processed by all BeanPostProcessors (for example: not eligible for auto-proxying)
2018-10-15 15:14:02,344 [INFO] [main] org.springframework.boot.web.embedded.tomcat.TomcatWebServer [Jdk14Logger.java : 99] Tomcat initialized with port(s): 8081 (http)
2018-10-15 15:14:02,421 [INFO] [main] org.apache.catalina.core.StandardService [DirectJDKLog.java : 180] Starting service [Tomcat]
2018-10-15 15:14:02,421 [INFO] [main] org.apache.catalina.core.StandardEngine [DirectJDKLog.java : 180] Starting Servlet Engine: Apache Tomcat/8.5.34
2018-10-15 15:14:02,438 [INFO] [localhost-startStop-1] org.apache.catalina.core.AprLifecycleListener [DirectJDKLog.java : 180] The APR based Apache Tomcat Native library which allows optimal performance in production environments was not found on the java.library.path: [D:\Workspace\JDK\jdk1.8\bin;C:\Windows\Sun\Java\bin;C:\Windows\system32;C:\Windows;C:\ProgramData\Oracle\Java\javapath;C:\Windows\system32;C:\Windows;C:\Windows\System32\Wbem;C:\Windows\System32\WindowsPowerShell\v1.0\;D:\Workspace\apache-maven-3.2.1\bin;D:\Workspace\JDK\jdk1.7\bin;D:\Workspace\JDK\jdk1.7\jre\bin;D:\Workspace\Git\cmd;D:\Program Files\apache-tomcat-7.0.22\bin;C:\Program Files\TortoiseSVN\bin;C:\Program Files\PuTTY\;C:\Program Files\VisualSVN Server\bin;D:\nexus\nexus-3.13.0-01\bin;C:\Users\abc\AppData\Local\Microsoft\WindowsApps;;.]
2018-10-15 15:14:02,756 [INFO] [localhost-startStop-1] o.a.c.c.C.[Tomcat].[localhost].[/qualityshop-api] [DirectJDKLog.java : 180] Initializing Spring embedded WebApplicationContext
2018-10-15 15:14:02,756 [INFO] [localhost-startStop-1] org.springframework.web.context.ContextLoader [Jdk14Logger.java : 99] Root WebApplicationContext: initialization completed in 6829 ms
2018-10-15 15:14:03,030 [INFO] [localhost-startStop-1] org.springframework.boot.web.servlet.FilterRegistrationBean [Jdk14Logger.java : 99] Mapping filter: 'characterEncodingFilter' to: [/*]
2018-10-15 15:14:03,031 [INFO] [localhost-startStop-1] org.springframework.boot.web.servlet.FilterRegistrationBean [Jdk14Logger.java : 99] Mapping filter: 'hiddenHttpMethodFilter' to: [/*]
2018-10-15 15:14:03,031 [INFO] [localhost-startStop-1] org.springframework.boot.web.servlet.FilterRegistrationBean [Jdk14Logger.java : 99] Mapping filter: 'httpPutFormContentFilter' to: [/*]
2018-10-15 15:14:03,032 [INFO] [localhost-startStop-1] org.springframework.boot.web.servlet.FilterRegistrationBean [Jdk14Logger.java : 99] Mapping filter: 'requestContextFilter' to: [/*]
2018-10-15 15:14:03,032 [INFO] [localhost-startStop-1] org.springframework.boot.web.servlet.FilterRegistrationBean [Jdk14Logger.java : 99] Mapping filter: 'xssFilter' to urls: [/*]
2018-10-15 15:14:03,033 [INFO] [localhost-startStop-1] org.springframework.boot.web.servlet.FilterRegistrationBean [Jdk14Logger.java : 99] Mapping filter: 'webStatFilter' to urls: [/*]
2018-10-15 15:14:03,033 [INFO] [localhost-startStop-1] org.springframework.boot.web.servlet.ServletRegistrationBean [Jdk14Logger.java : 99] Servlet dispatcherServlet mapped to [/]
2018-10-15 15:14:03,035 [INFO] [localhost-startStop-1] org.springframework.boot.web.servlet.ServletRegistrationBean [Jdk14Logger.java : 99] Servlet statViewServlet mapped to [/druid/*]
2018-10-15 15:14:03,597 [INFO] [main] c.a.d.spring.boot.autoconfigure.DruidDataSourceAutoConfigure [DruidDataSourceAutoConfigure.java : 56] Init DruidDataSource
2018-10-15 15:14:04,837 [INFO] [main] com.alibaba.druid.pool.DruidDataSource [DruidDataSource.java : 930] {dataSource-1} inited
2018-10-15 15:14:08,090 [INFO] [main] o.s.w.s.mvc.method.annotation.RequestMappingHandlerMapping [Jdk14Logger.java : 99] Mapped "{[/api/lipay],methods=[POST]}" onto public com.alibaba.fastjson.JSONObject com.qualityshop.controller.AlipayController.login(java.lang.String,java.lang.String,java.lang.String,java.lang.String)
2018-10-15 15:14:08,092 [INFO] [main] o.s.w.s.mvc.method.annotation.RequestMappingHandlerMapping [Jdk14Logger.java : 99] Mapped "{[/api/lipaySelect],methods=[GET]}" onto public com.alibaba.fastjson.JSONObject com.qualityshop.controller.AlipayController.lipaySelect(java.lang.String,java.lang.String)
2018-10-15 15:14:08,094 [INFO] [main] o.s.w.s.mvc.method.annotation.RequestMappingHandlerMapping [Jdk14Logger.java : 99] Mapped "{[/api/Messagelogin],methods=[POST]}" onto public com.alibaba.fastjson.JSONObject com.qualityshop.controller.ApiLoginController.Messagelogin(com.qualityshop.form.MessageLoginForm)
2018-10-15 15:14:08,094 [INFO] [main] o.s.w.s.mvc.method.annotation.RequestMappingHandlerMapping [Jdk14Logger.java : 99] Mapped "{[/api/login],methods=[POST]}" onto public com.alibaba.fastjson.JSONObject com.qualityshop.controller.ApiLoginController.login(com.qualityshop.form.LoginForm)
2018-10-15 15:14:08,094 [INFO] [main] o.s.w.s.mvc.method.annotation.RequestMappingHandlerMapping [Jdk14Logger.java : 99] Mapped "{[/api/logout],methods=[POST]}" onto public com.alibaba.fastjson.JSONObject com.qualityshop.controller.ApiLoginController.logout()
2018-10-15 15:14:08,095 [INFO] [main] o.s.w.s.mvc.method.annotation.RequestMappingHandlerMapping [Jdk14Logger.java : 99] Mapped "{[/api/pushMessage],methods=[POST]}" onto public com.alibaba.fastjson.JSONObject com.qualityshop.controller.ApiLoginController.pushMessage(com.qualityshop.form.MessageLoginForm)
2018-10-15 15:14:08,096 [INFO] [main] o.s.w.s.mvc.method.annotation.RequestMappingHandlerMapping [Jdk14Logger.java : 99] Mapped "{[/api/register],methods=[POST]}" onto public com.qualityshop.common.utils.R com.qualityshop.controller.ApiRegisterController.register(com.qualityshop.form.RegisterForm)
2018-10-15 15:14:08,098 [INFO] [main] o.s.w.s.mvc.method.annotation.RequestMappingHandlerMapping [Jdk14Logger.java : 99] Mapped "{[/api/userId],methods=[GET]}" onto public com.qualityshop.common.utils.R com.qualityshop.controller.ApiTestController.userInfo(java.lang.Integer)
2018-10-15 15:14:08,099 [INFO] [main] o.s.w.s.mvc.method.annotation.RequestMappingHandlerMapping [Jdk14Logger.java : 99] Mapped "{[/api/userInfo],methods=[GET]}" onto public com.qualityshop.common.utils.R com.qualityshop.controller.ApiTestController.userInfo(com.qualityshop.entity.UserEntity)
2018-10-15 15:14:08,100 [INFO] [main] o.s.w.s.mvc.method.annotation.RequestMappingHandlerMapping [Jdk14Logger.java : 99] Mapped "{[/api/notToken],methods=[GET]}" onto public com.qualityshop.common.utils.R com.qualityshop.controller.ApiTestController.notToken()
2018-10-15 15:14:08,103 [INFO] [main] o.s.w.s.mvc.method.annotation.RequestMappingHandlerMapping [Jdk14Logger.java : 99] Mapped "{[/api/goodUpdate],methods=[POST]}" onto public com.qualityshop.common.utils.R com.qualityshop.controller.GoodsRanklistController.goodUpdate(com.qualityshop.form.GoodsRanklistForm)
2018-10-15 15:14:08,104 [INFO] [main] o.s.w.s.mvc.method.annotation.RequestMappingHandlerMapping [Jdk14Logger.java : 99] Mapped "{[/api/goodRank],methods=[GET]}" onto public com.alibaba.fastjson.JSONObject com.qualityshop.controller.GoodsRanklistController.good(java.lang.String,java.lang.String)
2018-10-15 15:14:08,105 [INFO] [main] o.s.w.s.mvc.method.annotation.RequestMappingHandlerMapping [Jdk14Logger.java : 99] Mapped "{[/api/goodInsert],methods=[POST]}" onto public com.qualityshop.common.utils.R com.qualityshop.controller.GoodsRanklistController.commentInsert(com.qualityshop.form.GoodsRanklistForm)
2018-10-15 15:14:08,107 [INFO] [main] o.s.w.s.mvc.method.annotation.RequestMappingHandlerMapping [Jdk14Logger.java : 99] Mapped "{[/api/smsMessage],methods=[GET]}" onto public com.alibaba.fastjson.JSONObject com.qualityshop.controller.SmsMessageController.smsMessage(java.lang.String)
2018-10-15 15:14:08,108 [INFO] [main] o.s.w.s.mvc.method.annotation.RequestMappingHandlerMapping [Jdk14Logger.java : 99] Mapped "{[/api/smsMessageInsert],methods=[POST]}" onto public com.qualityshop.common.utils.R com.qualityshop.controller.SmsMessageController.collectInsert(com.qualityshop.form.SmsMessageForm)
2018-10-15 15:14:08,111 [INFO] [main] o.s.w.s.mvc.method.annotation.RequestMappingHandlerMapping [Jdk14Logger.java : 99] Mapped "{[/api/find],methods=[GET]}" onto public com.alibaba.fastjson.JSONObject com.qualityshop.controller.UfxApiController.find(java.lang.String,java.lang.String)
2018-10-15 15:14:08,112 [INFO] [main] o.s.w.s.mvc.method.annotation.RequestMappingHandlerMapping [Jdk14Logger.java : 99] Mapped "{[/api/billBoard],methods=[GET]}" onto public com.alibaba.fastjson.JSONObject com.qualityshop.controller.UfxApiController.billboard(java.lang.String,java.lang.String)
2018-10-15 15:14:08,113 [INFO] [main] o.s.w.s.mvc.method.annotation.RequestMappingHandlerMapping [Jdk14Logger.java : 99] Mapped "{[/api/evaluating],methods=[GET]}" onto public com.alibaba.fastjson.JSONObject com.qualityshop.controller.UfxApiController.evaluating(java.lang.String,java.lang.String)
2018-10-15 15:14:08,116 [INFO] [main] o.s.w.s.mvc.method.annotation.RequestMappingHandlerMapping [Jdk14Logger.java : 99] Mapped "{[/api/accountdelete],methods=[POST]}" onto public com.qualityshop.common.utils.R com.qualityshop.controller.UserAccountController.pointdelete(java.lang.String)
2018-10-15 15:14:08,117 [INFO] [main] o.s.w.s.mvc.method.annotation.RequestMappingHandlerMapping [Jdk14Logger.java : 99] Mapped "{[/api/accountInsert],methods=[POST]}" onto public com.qualityshop.common.utils.R com.qualityshop.controller.UserAccountController.collectInsert(com.qualityshop.form.UserAccountForm)
2018-10-15 15:14:08,118 [INFO] [main] o.s.w.s.mvc.method.annotation.RequestMappingHandlerMapping [Jdk14Logger.java : 99] Mapped "{[/api/accountupdate],methods=[POST]}" onto public com.qualityshop.common.utils.R com.qualityshop.controller.UserAccountController.accountupdate(com.qualityshop.form.UserAccountForm)
2018-10-15 15:14:08,118 [INFO] [main] o.s.w.s.mvc.method.annotation.RequestMappingHandlerMapping [Jdk14Logger.java : 99] Mapped "{[/api/account],methods=[GET]}" onto public com.alibaba.fastjson.JSONObject com.qualityshop.controller.UserAccountController.point(java.lang.String)
2018-10-15 15:14:08,119 [INFO] [main] o.s.w.s.mvc.method.annotation.RequestMappingHandlerMapping [Jdk14Logger.java : 99] Mapped "{[/api/alipay],methods=[GET]}" onto public com.alibaba.fastjson.JSONObject com.qualityshop.controller.UserAlipayController.alipay(java.lang.String,java.lang.String)
2018-10-15 15:14:08,120 [INFO] [main] o.s.w.s.mvc.method.annotation.RequestMappingHandlerMapping [Jdk14Logger.java : 99] Mapped "{[/api/collect],methods=[GET]}" onto public com.alibaba.fastjson.JSONObject com.qualityshop.controller.UserCollectController.collect(java.lang.String,java.lang.String)
2018-10-15 15:14:08,120 [INFO] [main] o.s.w.s.mvc.method.annotation.RequestMappingHandlerMapping [Jdk14Logger.java : 99] Mapped "{[/api/collectInsert],methods=[POST]}" onto public com.qualityshop.common.utils.R com.qualityshop.controller.UserCollectController.collectInsert(com.qualityshop.form.UserCollectForm)
2018-10-15 15:14:08,121 [INFO] [main] o.s.w.s.mvc.method.annotation.RequestMappingHandlerMapping [Jdk14Logger.java : 99] Mapped "{[/api/comment],methods=[GET]}" onto public com.alibaba.fastjson.JSONObject com.qualityshop.controller.UserCommentController.comment(java.lang.String,java.lang.String)
2018-10-15 15:14:08,122 [INFO] [main] o.s.w.s.mvc.method.annotation.RequestMappingHandlerMapping [Jdk14Logger.java : 99] Mapped "{[/api/commentInsert],methods=[POST]}" onto public com.qualityshop.common.utils.R com.qualityshop.controller.UserCommentController.commentInsert(com.qualityshop.form.UserCommentForm)
2018-10-15 15:14:08,127 [INFO] [main] o.s.w.s.mvc.method.annotation.RequestMappingHandlerMapping [Jdk14Logger.java : 99] Mapped "{[/api/concerInsert],methods=[POST]}" onto public com.qualityshop.common.utils.R com.qualityshop.controller.UserConcernController.concerInsert(com.qualityshop.form.UserConcernForm)
2018-10-15 15:14:08,127 [INFO] [main] o.s.w.s.mvc.method.annotation.RequestMappingHandlerMapping [Jdk14Logger.java : 99] Mapped "{[/api/concer],methods=[GET]}" onto public com.alibaba.fastjson.JSONObject com.qualityshop.controller.UserConcernController.concer(java.lang.String,java.lang.String)
2018-10-15 15:14:08,128 [INFO] [main] o.s.w.s.mvc.method.annotation.RequestMappingHandlerMapping [Jdk14Logger.java : 99] Mapped "{[/api/concerDelete],methods=[POST]}" onto public com.alibaba.fastjson.JSONObject com.qualityshop.controller.UserConcernController.concerDelete(java.lang.String)
2018-10-15 15:14:08,128 [INFO] [main] o.s.w.s.mvc.method.annotation.RequestMappingHandlerMapping [Jdk14Logger.java : 99] Mapped "{[/api/feedBackInsert],methods=[POST]}" onto public com.qualityshop.common.utils.R com.qualityshop.controller.UserFeedBackController.collectInsert(com.qualityshop.form.UserFeedBackForm)
2018-10-15 15:14:08,129 [INFO] [main] o.s.w.s.mvc.method.annotation.RequestMappingHandlerMapping [Jdk14Logger.java : 99] Mapped "{[/api/feedBack],methods=[GET]}" onto public com.alibaba.fastjson.JSONObject com.qualityshop.controller.UserFeedBackController.feedBack(java.lang.String)
2018-10-15 15:14:08,134 [INFO] [main] o.s.w.s.mvc.method.annotation.RequestMappingHandlerMapping [Jdk14Logger.java : 99] Mapped "{[/api/pointdelete],methods=[POST]}" onto public com.qualityshop.common.utils.R com.qualityshop.controller.UserPointController.pointdelete(java.lang.String)
2018-10-15 15:14:08,135 [INFO] [main] o.s.w.s.mvc.method.annotation.RequestMappingHandlerMapping [Jdk14Logger.java : 99] Mapped "{[/api/pointInsert],methods=[POST]}" onto public com.qualityshop.common.utils.R com.qualityshop.controller.UserPointController.collectInsert(com.qualityshop.form.UserPointForm)
2018-10-15 15:14:08,135 [INFO] [main] o.s.w.s.mvc.method.annotation.RequestMappingHandlerMapping [Jdk14Logger.java : 99] Mapped "{[/api/point],methods=[GET]}" onto public com.alibaba.fastjson.JSONObject com.qualityshop.controller.UserPointController.point(java.lang.String)
2018-10-15 15:14:08,136 [INFO] [main] o.s.w.s.mvc.method.annotation.RequestMappingHandlerMapping [Jdk14Logger.java : 99] Mapped "{[/api/pointupdate],methods=[POST]}" onto public com.qualityshop.common.utils.R com.qualityshop.controller.UserPointController.pointupdate(com.qualityshop.form.UserPointForm)
2018-10-15 15:14:08,138 [INFO] [main] o.s.w.s.mvc.method.annotation.RequestMappingHandlerMapping [Jdk14Logger.java : 99] Mapped "{[/api/shareInsert],methods=[POST]}" onto public com.qualityshop.common.utils.R com.qualityshop.controller.UserShareController.concerInsert(com.qualityshop.form.UserShareForm)
2018-10-15 15:14:08,139 [INFO] [main] o.s.w.s.mvc.method.annotation.RequestMappingHandlerMapping [Jdk14Logger.java : 99] Mapped "{[/api/share],methods=[GET]}" onto public com.alibaba.fastjson.JSONObject com.qualityshop.controller.UserShareController.snap(java.lang.String,java.lang.String)
2018-10-15 15:14:08,142 [INFO] [main] o.s.w.s.mvc.method.annotation.RequestMappingHandlerMapping [Jdk14Logger.java : 99] Mapped "{[/api/modelUser],methods=[GET]}" onto public com.alibaba.fastjson.JSONObject com.qualityshop.controller.UserShopmemberController.modelUser(java.lang.String)
2018-10-15 15:14:08,143 [INFO] [main] o.s.w.s.mvc.method.annotation.RequestMappingHandlerMapping [Jdk14Logger.java : 99] Mapped "{[/api/openUser],methods=[GET]}" onto public com.alibaba.fastjson.JSONObject com.qualityshop.controller.UserShopmemberController.openUser(java.lang.String)
2018-10-15 15:14:08,143 [INFO] [main] o.s.w.s.mvc.method.annotation.RequestMappingHandlerMapping [Jdk14Logger.java : 99] Mapped "{[/api/ModelUserDelete],methods=[POST]}" onto public com.alibaba.fastjson.JSONObject com.qualityshop.controller.UserShopmemberController.ModelUserDelete(java.lang.String)
2018-10-15 15:14:08,143 [INFO] [main] o.s.w.s.mvc.method.annotation.RequestMappingHandlerMapping [Jdk14Logger.java : 99] Mapped "{[/api/ModelUserUpdate],methods=[POST]}" onto public com.alibaba.fastjson.JSONObject com.qualityshop.controller.UserShopmemberController.ModelUserUpdate(com.qualityshop.form.UserShopmemberForm)
2018-10-15 15:14:08,144 [INFO] [main] o.s.w.s.mvc.method.annotation.RequestMappingHandlerMapping [Jdk14Logger.java : 99] Mapped "{[/api/ModelUserInsert],methods=[POST]}" onto public com.qualityshop.common.utils.R com.qualityshop.controller.UserShopmemberController.ModelUserInsert(com.qualityshop.form.UserShopmemberForm)
2018-10-15 15:14:08,146 [INFO] [main] o.s.w.s.mvc.method.annotation.RequestMappingHandlerMapping [Jdk14Logger.java : 99] Mapped "{[/api/sign],methods=[GET]}" onto public com.alibaba.fastjson.JSONObject com.qualityshop.controller.UserSignController.sign(java.lang.String)
2018-10-15 15:14:08,147 [INFO] [main] o.s.w.s.mvc.method.annotation.RequestMappingHandlerMapping [Jdk14Logger.java : 99] Mapped "{[/api/signtupdate],methods=[POST]}" onto public com.qualityshop.common.utils.R com.qualityshop.controller.UserSignController.signtupdate(com.qualityshop.form.UserSignForm)
2018-10-15 15:14:08,147 [INFO] [main] o.s.w.s.mvc.method.annotation.RequestMappingHandlerMapping [Jdk14Logger.java : 99] Mapped "{[/api/signDate],methods=[GET]}" onto public com.alibaba.fastjson.JSONObject com.qualityshop.controller.UserSignController.signDate(java.lang.String,java.lang.String)
2018-10-15 15:14:08,149 [INFO] [main] o.s.w.s.mvc.method.annotation.RequestMappingHandlerMapping [Jdk14Logger.java : 99] Mapped "{[/api/signdelete],methods=[POST]}" onto public com.qualityshop.common.utils.R com.qualityshop.controller.UserSignController.signdelete(java.lang.String)
2018-10-15 15:14:08,150 [INFO] [main] o.s.w.s.mvc.method.annotation.RequestMappingHandlerMapping [Jdk14Logger.java : 99] Mapped "{[/api/signInsert],methods=[POST]}" onto public com.alibaba.fastjson.JSONObject com.qualityshop.controller.UserSignController.signInsert(com.qualityshop.form.UserSignForm)
2018-10-15 15:14:08,151 [INFO] [main] o.s.w.s.mvc.method.annotation.RequestMappingHandlerMapping [Jdk14Logger.java : 99] Mapped "{[/api/Supplement],methods=[POST]}" onto public com.alibaba.fastjson.JSONObject com.qualityshop.controller.UserSignController.Supplement(java.lang.String)
2018-10-15 15:14:08,153 [INFO] [main] o.s.w.s.mvc.method.annotation.RequestMappingHandlerMapping [Jdk14Logger.java : 99] Mapped "{[/api/snapInsert],methods=[POST]}" onto public com.qualityshop.common.utils.R com.qualityshop.controller.UserSnapController.concerInsert(com.qualityshop.form.UserSnapForm)
2018-10-15 15:14:08,154 [INFO] [main] o.s.w.s.mvc.method.annotation.RequestMappingHandlerMapping [Jdk14Logger.java : 99] Mapped "{[/api/snap],methods=[GET]}" onto public com.alibaba.fastjson.JSONObject com.qualityshop.controller.UserSnapController.snap(java.lang.String,java.lang.String)
2018-10-15 15:14:08,158 [INFO] [main] o.s.w.s.mvc.method.annotation.RequestMappingHandlerMapping [Jdk14Logger.java : 99] Mapped "{[/swagger-resources/configuration/security]}" onto public org.springframework.http.ResponseEntity<springfox.documentation.swagger.web.SecurityConfiguration> springfox.documentation.swagger.web.ApiResourceController.securityConfiguration()
2018-10-15 15:14:08,159 [INFO] [main] o.s.w.s.mvc.method.annotation.RequestMappingHandlerMapping [Jdk14Logger.java : 99] Mapped "{[/swagger-resources]}" onto public org.springframework.http.ResponseEntity<java.util.List<springfox.documentation.swagger.web.SwaggerResource>> springfox.documentation.swagger.web.ApiResourceController.swaggerResources()
2018-10-15 15:14:08,160 [INFO] [main] o.s.w.s.mvc.method.annotation.RequestMappingHandlerMapping [Jdk14Logger.java : 99] Mapped "{[/swagger-resources/configuration/ui]}" onto public org.springframework.http.ResponseEntity<springfox.documentation.swagger.web.UiConfiguration> springfox.documentation.swagger.web.ApiResourceController.uiConfiguration()
2018-10-15 15:14:08,162 [INFO] [main] o.s.w.s.mvc.method.annotation.RequestMappingHandlerMapping [Jdk14Logger.java : 99] Mapped "{[/error]}" onto public org.springframework.http.ResponseEntity<java.util.Map<java.lang.String, java.lang.Object>> org.springframework.boot.autoconfigure.web.servlet.error.BasicErrorController.error(javax.servlet.http.HttpServletRequest)
2018-10-15 15:14:08,163 [INFO] [main] o.s.w.s.mvc.method.annotation.RequestMappingHandlerMapping [Jdk14Logger.java : 99] Mapped "{[/error],produces=[text/html]}" onto public org.springframework.web.servlet.ModelAndView org.springframework.boot.autoconfigure.web.servlet.error.BasicErrorController.errorHtml(javax.servlet.http.HttpServletRequest,javax.servlet.http.HttpServletResponse)
2018-10-15 15:14:08,453 [INFO] [main] s.d.spring.web.PropertySourcedRequestMappingHandlerMapping [Jdk14Logger.java : 99] Mapped URL path [/v2/api-docs] onto method [public org.springframework.http.ResponseEntity<springfox.documentation.spring.web.json.Json> springfox.documentation.swagger2.web.Swagger2Controller.getDocumentation(java.lang.String,javax.servlet.http.HttpServletRequest)]
2018-10-15 15:14:08,677 [INFO] [main] o.s.web.servlet.handler.SimpleUrlHandlerMapping [Jdk14Logger.java : 99] Mapped URL path [/**/favicon.ico] onto handler of type [class org.springframework.web.servlet.resource.ResourceHttpRequestHandler]
2018-10-15 15:14:09,024 [INFO] [main] o.s.w.s.mvc.method.annotation.RequestMappingHandlerAdapter [Jdk14Logger.java : 99] Looking for @ControllerAdvice: org.springframework.boot.web.servlet.context.AnnotationConfigServletWebServerApplicationContext@1e8ce150: startup date [Mon Oct 15 15:13:55 CST 2018]; root of context hierarchy
2018-10-15 15:14:09,142 [INFO] [main] o.s.web.servlet.handler.SimpleUrlHandlerMapping [Jdk14Logger.java : 99] Mapped URL path [/webjars/**] onto handler of type [class org.springframework.web.servlet.resource.ResourceHttpRequestHandler]
2018-10-15 15:14:09,142 [INFO] [main] o.s.web.servlet.handler.SimpleUrlHandlerMapping [Jdk14Logger.java : 99] Mapped URL path [/**] onto handler of type [class org.springframework.web.servlet.resource.ResourceHttpRequestHandler]
2018-10-15 15:14:09,165 [INFO] [main] o.s.w.s.m.m.annotation.ExceptionHandlerExceptionResolver [Jdk14Logger.java : 99] Detected @ExceptionHandler methods in RRExceptionHandler
2018-10-15 15:14:09,872 [INFO] [main] org.springframework.ui.freemarker.SpringTemplateLoader [Jdk14Logger.java : 99] SpringTemplateLoader for FreeMarker: using resource loader [org.springframework.boot.web.servlet.context.AnnotationConfigServletWebServerApplicationContext@1e8ce150: startup date [Mon Oct 15 15:13:55 CST 2018]; root of context hierarchy] and template loader path [classpath:/templates/]
2018-10-15 15:14:09,873 [INFO] [main] o.s.web.servlet.view.freemarker.FreeMarkerConfigurer [Jdk14Logger.java : 99] ClassTemplateLoader for Spring macros added to FreeMarker configuration
2018-10-15 15:14:10,169 [INFO] [main] o.s.jmx.export.annotation.AnnotationMBeanExporter [Jdk14Logger.java : 99] Registering beans for JMX exposure on startup
2018-10-15 15:14:10,170 [INFO] [main] o.s.jmx.export.annotation.AnnotationMBeanExporter [Jdk14Logger.java : 99] Bean with name 'statFilter' has been autodetected for JMX exposure
2018-10-15 15:14:10,171 [INFO] [main] o.s.jmx.export.annotation.AnnotationMBeanExporter [Jdk14Logger.java : 99] Bean with name 'dataSource' has been autodetected for JMX exposure
2018-10-15 15:14:10,184 [INFO] [main] o.s.jmx.export.annotation.AnnotationMBeanExporter [Jdk14Logger.java : 99] Located MBean 'dataSource': registering with JMX server as MBean [com.alibaba.druid.spring.boot.autoconfigure:name=dataSource,type=DruidDataSourceWrapper]
2018-10-15 15:14:10,186 [INFO] [main] o.s.jmx.export.annotation.AnnotationMBeanExporter [Jdk14Logger.java : 99] Located MBean 'statFilter': registering with JMX server as MBean [com.alibaba.druid.filter.stat:name=statFilter,type=StatFilter]
2018-10-15 15:14:10,225 [INFO] [main] o.springframework.context.support.DefaultLifecycleProcessor [Jdk14Logger.java : 99] Starting beans in phase 2147483647
2018-10-15 15:14:10,225 [INFO] [main] s.d.spring.web.plugins.DocumentationPluginsBootstrapper [DocumentationPluginsBootstrapper.java : 147] Context refreshed
2018-10-15 15:14:10,291 [INFO] [main] s.d.spring.web.plugins.DocumentationPluginsBootstrapper [DocumentationPluginsBootstrapper.java : 150] Found 1 custom documentation plugin(s)
2018-10-15 15:14:10,350 [INFO] [main] s.d.spring.web.scanners.ApiListingReferenceScanner [ApiListingReferenceScanner.java : 41] Scanning for api listing references
2018-10-15 15:14:10,650 [INFO] [main] s.d.s.web.readers.operation.CachingOperationNameGenerator [CachingOperationNameGenerator.java : 40] Generating unique operation named: loginUsingPOST_1
2018-10-15 15:14:10,698 [INFO] [main] s.d.s.web.readers.operation.CachingOperationNameGenerator [CachingOperationNameGenerator.java : 40] Generating unique operation named: userInfoUsingGET_1
2018-10-15 15:14:10,771 [INFO] [main] s.d.s.web.readers.operation.CachingOperationNameGenerator [CachingOperationNameGenerator.java : 40] Generating unique operation named: collectInsertUsingPOST_1
2018-10-15 15:14:10,790 [INFO] [main] s.d.s.web.readers.operation.CachingOperationNameGenerator [CachingOperationNameGenerator.java : 40] Generating unique operation named: collectInsertUsingPOST_2
2018-10-15 15:14:10,801 [INFO] [main] s.d.s.web.readers.operation.CachingOperationNameGenerator [CachingOperationNameGenerator.java : 40] Generating unique operation named: commentInsertUsingPOST_1
2018-10-15 15:14:10,820 [INFO] [main] s.d.s.web.readers.operation.CachingOperationNameGenerator [CachingOperationNameGenerator.java : 40] Generating unique operation named: collectInsertUsingPOST_3
2018-10-15 15:14:10,827 [INFO] [main] s.d.s.web.readers.operation.CachingOperationNameGenerator [CachingOperationNameGenerator.java : 40] Generating unique operation named: collectInsertUsingPOST_4
2018-10-15 15:14:10,831 [INFO] [main] s.d.s.web.readers.operation.CachingOperationNameGenerator [CachingOperationNameGenerator.java : 40] Generating unique operation named: pointUsingGET_1
2018-10-15 15:14:10,835 [INFO] [main] s.d.s.web.readers.operation.CachingOperationNameGenerator [CachingOperationNameGenerator.java : 40] Generating unique operation named: pointdeleteUsingPOST_1
2018-10-15 15:14:10,843 [INFO] [main] s.d.s.web.readers.operation.CachingOperationNameGenerator [CachingOperationNameGenerator.java : 40] Generating unique operation named: concerInsertUsingPOST_1
2018-10-15 15:14:10,905 [INFO] [main] s.d.s.web.readers.operation.CachingOperationNameGenerator [CachingOperationNameGenerator.java : 40] Generating unique operation named: concerInsertUsingPOST_2
2018-10-15 15:14:10,908 [INFO] [main] s.d.s.web.readers.operation.CachingOperationNameGenerator [CachingOperationNameGenerator.java : 40] Generating unique operation named: snapUsingGET_1
2018-10-15 15:14:11,004 [INFO] [main] org.springframework.boot.web.embedded.tomcat.TomcatWebServer [Jdk14Logger.java : 99] Tomcat started on port(s): 8081 (http) with context path '/qualityshop-api'
2018-10-15 15:14:11,009 [INFO] [main] com.qualityshop.ApiApplication [Jdk14Logger.java : 99] Started ApiApplication in 17.583 seconds (JVM running for 23.766)
2018-10-15 15:37:19,669 [INFO] [http-nio-8081-exec-3] o.a.c.c.C.[Tomcat].[localhost].[/qualityshop-api] [DirectJDKLog.java : 180] Initializing Spring FrameworkServlet 'dispatcherServlet'
2018-10-15 15:37:19,670 [INFO] [http-nio-8081-exec-3] org.springframework.web.servlet.DispatcherServlet [Jdk14Logger.java : 99] FrameworkServlet 'dispatcherServlet': initialization started
2018-10-15 15:37:19,711 [INFO] [http-nio-8081-exec-3] org.springframework.web.servlet.DispatcherServlet [Jdk14Logger.java : 99] FrameworkServlet 'dispatcherServlet': initialization completed in 41 ms
2018-10-15 15:37:19,973 [DEBUG] [http-nio-8081-exec-3] com.qualityshop.dao.UserShopmemberDao.queryByShopmember [BaseJdbcLogger.java : 159] ==>  Preparing: select userId, userNickName, userAcutalName, userMemberGrade, userGender, userBirthday, userPhone, createTime, userNickImg, openId, alipayName, alipayAccount from user_shopmember where userId = ? 
2018-10-15 15:37:20,042 [DEBUG] [http-nio-8081-exec-3] com.qualityshop.dao.UserShopmemberDao.queryByShopmember [BaseJdbcLogger.java : 159] ==> Parameters: 7d67892cb02f4766aa72fd5b08b8d8d1(String)
2018-10-15 15:37:20,186 [DEBUG] [http-nio-8081-exec-3] com.qualityshop.dao.UserShopmemberDao.queryByShopmember [BaseJdbcLogger.java : 159] <==      Total: 1
2018-10-15 15:37:20,210 [DEBUG] [http-nio-8081-exec-3] com.qualityshop.dao.UserDetailPointDao.detailPointGet [BaseJdbcLogger.java : 159] ==>  Preparing: select id, userId, points, startTime, expireTime, remark from user_detail_point where userId = ? 
2018-10-15 15:37:20,211 [DEBUG] [http-nio-8081-exec-3] com.qualityshop.dao.UserDetailPointDao.detailPointGet [BaseJdbcLogger.java : 159] ==> Parameters: 7d67892cb02f4766aa72fd5b08b8d8d1(String)
2018-10-15 15:37:20,273 [DEBUG] [http-nio-8081-exec-3] com.qualityshop.dao.UserDetailPointDao.detailPointGet [BaseJdbcLogger.java : 159] <==      Total: 1
2018-10-15 15:37:20,972 [DEBUG] [http-nio-8081-exec-2] com.qualityshop.dao.UserAccountDao.accountGet [BaseJdbcLogger.java : 159] ==>  Preparing: select id, userId, total_account, use_account, unuse_account, create_time, state from user_account where userId = ? 
2018-10-15 15:37:20,973 [DEBUG] [http-nio-8081-exec-2] com.qualityshop.dao.UserAccountDao.accountGet [BaseJdbcLogger.java : 159] ==> Parameters: 7d67892cb02f4766aa72fd5b08b8d8d1(String)
2018-10-15 15:37:21,018 [DEBUG] [http-nio-8081-exec-2] com.qualityshop.dao.UserAccountDao.accountGet [BaseJdbcLogger.java : 159] <==      Total: 1
2018-10-15 15:37:23,946 [DEBUG] [http-nio-8081-exec-4] com.qualityshop.dao.UserConcernDao.queryByConcernCountId [BaseJdbcLogger.java : 159] ==>  Preparing: select concernId,userId,attentionUserId,isConcern,concernCount,create_time,from_thumb_img,from_nickname from user_concern where userId = ? order by create_time DESC limit ?,? 
2018-10-15 15:37:23,950 [DEBUG] [http-nio-8081-exec-4] com.qualityshop.dao.UserConcernDao.queryByConcernCountId [BaseJdbcLogger.java : 159] ==> Parameters: 7d67892cb02f4766aa72fd5b08b8d8d1(String), 0(Integer), 10(Integer)
2018-10-15 15:37:24,057 [DEBUG] [http-nio-8081-exec-4] com.qualityshop.dao.UserConcernDao.queryByConcernCountId [BaseJdbcLogger.java : 159] <==      Total: 1
2018-10-15 15:37:27,589 [DEBUG] [http-nio-8081-exec-6] com.qualityshop.dao.UserConcernDao.queryByConcernCountId [BaseJdbcLogger.java : 159] ==>  Preparing: select concernId,userId,attentionUserId,isConcern,concernCount,create_time,from_thumb_img,from_nickname from user_concern where userId = ? order by create_time DESC limit ?,? 
2018-10-15 15:37:27,590 [DEBUG] [http-nio-8081-exec-6] com.qualityshop.dao.UserConcernDao.queryByConcernCountId [BaseJdbcLogger.java : 159] ==> Parameters: 7d67892cb02f4766aa72fd5b08b8d8d1(String), 0(Integer), 10(Integer)
2018-10-15 15:37:27,591 [DEBUG] [http-nio-8081-exec-6] com.qualityshop.dao.UserConcernDao.queryByConcernCountId [BaseJdbcLogger.java : 159] <==      Total: 1
2018-10-15 15:37:38,449 [DEBUG] [http-nio-8081-exec-7] com.qualityshop.dao.UserConcernDao.concerDelete [BaseJdbcLogger.java : 159] ==>  Preparing: delete from user_concern where concernId = ? 
2018-10-15 15:37:38,450 [DEBUG] [http-nio-8081-exec-7] com.qualityshop.dao.UserConcernDao.concerDelete [BaseJdbcLogger.java : 159] ==> Parameters: 02363989ff6345b9b8792f8c0ae4aea8(String)
2018-10-15 15:37:38,637 [DEBUG] [http-nio-8081-exec-7] com.qualityshop.dao.UserConcernDao.concerDelete [BaseJdbcLogger.java : 159] <==    Updates: 1
2018-10-15 15:37:39,682 [DEBUG] [http-nio-8081-exec-8] com.qualityshop.dao.UserConcernDao.queryByConcernCountId [BaseJdbcLogger.java : 159] ==>  Preparing: select concernId,userId,attentionUserId,isConcern,concernCount,create_time,from_thumb_img,from_nickname from user_concern where userId = ? order by create_time DESC limit ?,? 
2018-10-15 15:37:39,683 [DEBUG] [http-nio-8081-exec-8] com.qualityshop.dao.UserConcernDao.queryByConcernCountId [BaseJdbcLogger.java : 159] ==> Parameters: 7d67892cb02f4766aa72fd5b08b8d8d1(String), 0(Integer), 10(Integer)
2018-10-15 15:37:39,684 [DEBUG] [http-nio-8081-exec-8] com.qualityshop.dao.UserConcernDao.queryByConcernCountId [BaseJdbcLogger.java : 159] <==      Total: 0
2018-10-15 15:37:45,110 [DEBUG] [http-nio-8081-exec-9] com.qualityshop.dao.UserConcernDao.queryByConcernCountId [BaseJdbcLogger.java : 159] ==>  Preparing: select concernId,userId,attentionUserId,isConcern,concernCount,create_time,from_thumb_img,from_nickname from user_concern where userId = ? order by create_time DESC limit ?,? 
2018-10-15 15:37:45,110 [DEBUG] [http-nio-8081-exec-9] com.qualityshop.dao.UserConcernDao.queryByConcernCountId [BaseJdbcLogger.java : 159] ==> Parameters: 7d67892cb02f4766aa72fd5b08b8d8d1(String), 0(Integer), 10(Integer)
2018-10-15 15:37:45,111 [DEBUG] [http-nio-8081-exec-9] com.qualityshop.dao.UserConcernDao.queryByConcernCountId [BaseJdbcLogger.java : 159] <==      Total: 0
