2018-09-22 02:02:53.098  INFO 9276 --- [main] com.qualityshop.GeneratorApplication     : Starting GeneratorApplication on DESKTOP-FNDNO0C with PID 9276 (D:\project\qualityshop\qualityshop-generator\target\classes started by Apple in D:\project\qualityshop\qualityshop-generator)
2018-09-22 02:02:53.116 DEBUG 9276 --- [main] com.qualityshop.GeneratorApplication     : Running with Spring Boot v2.0.3.RELEASE, Spring v5.0.7.RELEASE
2018-09-22 02:02:53.121  INFO 9276 --- [main] com.qualityshop.GeneratorApplication     : No active profile set, falling back to default profiles: default
2018-09-22 02:02:53.245  INFO 9276 --- [main] ConfigServletWebServerApplicationContext : Refreshing org.springframework.boot.web.servlet.context.AnnotationConfigServletWebServerApplicationContext@3349e9bb: startup date [Sat Sep 22 02:02:53 CST 2018]; root of context hierarchy
2018-09-22 02:02:56.362  INFO 9276 --- [main] o.s.b.w.embedded.tomcat.TomcatWebServer  : Tomcat initialized with port(s): 8082 (http)
2018-09-22 02:02:56.427  INFO 9276 --- [main] o.apache.catalina.core.StandardService   : Starting service [Tomcat]
2018-09-22 02:02:56.428  INFO 9276 --- [main] org.apache.catalina.core.StandardEngine  : Starting Servlet Engine: Apache Tomcat/8.5.31
2018-09-22 02:02:56.451  INFO 9276 --- [localhost-startStop-1] o.a.catalina.core.AprLifecycleListener   : The APR based Apache Tomcat Native library which allows optimal performance in production environments was not found on the java.library.path: [C:\Program Files\Java\jdk1.8.0_181\bin;C:\WINDOWS\Sun\Java\bin;C:\WINDOWS\system32;C:\WINDOWS;C:/Program Files/Java/jre1.8.0_181/bin/server;C:/Program Files/Java/jre1.8.0_181/bin;C:/Program Files/Java/jre1.8.0_181/lib/amd64;C:\Program Files (x86)\Common Files\Oracle\Java\javapath;C:\Program Files (x86)\Intel\iCLS Client\;C:\Program Files\Intel\iCLS Client\;C:\WINDOWS\system32;C:\WINDOWS;C:\WINDOWS\System32\Wbem;C:\WINDOWS\System32\WindowsPowerShell\v1.0\;C:\Program Files\PuTTY\;C:\Program Files\Java\jdk1.8.0_181\bin;C:\WINDOWS\System32\OpenSSH\;C:\Program Files\TortoiseSVN\bin;C:\Users\Apple\AppData\Local\Microsoft\WindowsApps;;C:\Program Files (x86)\SSH Communications Security\SSH Secure Shell;C:\Users\Apple\Desktop\ide\eclipse;;.]
2018-09-22 02:02:56.807  INFO 9276 --- [localhost-startStop-1] o.a.c.c.C.[.[.[/qualityshop-generator]   : Initializing Spring embedded WebApplicationContext
2018-09-22 02:02:56.808  INFO 9276 --- [localhost-startStop-1] o.s.web.context.ContextLoader            : Root WebApplicationContext: initialization completed in 3563 ms
2018-09-22 02:02:57.100  INFO 9276 --- [localhost-startStop-1] o.s.b.w.servlet.ServletRegistrationBean  : Servlet dispatcherServlet mapped to [/]
2018-09-22 02:02:57.109  INFO 9276 --- [localhost-startStop-1] o.s.b.w.servlet.FilterRegistrationBean   : Mapping filter: 'characterEncodingFilter' to: [/*]
2018-09-22 02:02:57.110  INFO 9276 --- [localhost-startStop-1] o.s.b.w.servlet.FilterRegistrationBean   : Mapping filter: 'hiddenHttpMethodFilter' to: [/*]
2018-09-22 02:02:57.110  INFO 9276 --- [localhost-startStop-1] o.s.b.w.servlet.FilterRegistrationBean   : Mapping filter: 'httpPutFormContentFilter' to: [/*]
2018-09-22 02:02:57.111  INFO 9276 --- [localhost-startStop-1] o.s.b.w.servlet.FilterRegistrationBean   : Mapping filter: 'requestContextFilter' to: [/*]
2018-09-22 02:02:57.291  WARN 9276 --- [main] ConfigServletWebServerApplicationContext : Exception encountered during context initialization - cancelling refresh attempt: org.springframework.beans.factory.UnsatisfiedDependencyException: Error creating bean with name 'dbConfig': Unsatisfied dependency expressed through field 'mySQLGeneratorDao'; nested exception is org.springframework.beans.factory.UnsatisfiedDependencyException: Error creating bean with name 'mySQLGeneratorDao' defined in file [D:\project\qualityshop\qualityshop-generator\target\classes\com\qualityshop\dao\MySQLGeneratorDao.class]: Unsatisfied dependency expressed through bean property 'sqlSessionFactory'; nested exception is org.springframework.beans.factory.UnsatisfiedDependencyException: Error creating bean with name 'sqlSessionFactory' defined in class path resource [org/mybatis/spring/boot/autoconfigure/MybatisAutoConfiguration.class]: Unsatisfied dependency expressed through method 'sqlSessionFactory' parameter 0; nested exception is org.springframework.beans.factory.UnsatisfiedDependencyException: Error creating bean with name 'dataSource' defined in class path resource [org/springframework/boot/autoconfigure/jdbc/DataSourceConfiguration$Generic.class]: Unsatisfied dependency expressed through method 'dataSource' parameter 0; nested exception is org.springframework.boot.context.properties.ConfigurationPropertiesBindException: Error creating bean with name 'spring.datasource-org.springframework.boot.autoconfigure.jdbc.DataSourceProperties': Could not bind properties to 'DataSourceProperties' : prefix=spring.datasource, ignoreInvalidFields=false, ignoreUnknownFields=true; nested exception is org.springframework.boot.context.properties.bind.BindException: Failed to bind properties under 'spring.datasource.type' to java.lang.Class<javax.sql.DataSource>
2018-09-22 02:02:57.309  INFO 9276 --- [main] o.apache.catalina.core.StandardService   : Stopping service [Tomcat]
2018-09-22 02:02:57.540  WARN 9276 --- [localhost-startStop-1] o.a.c.loader.WebappClassLoaderBase       : The web application [qualityshop-generator] appears to have started a thread named [Abandoned connection cleanup thread] but has failed to stop it. This is very likely to create a memory leak. Stack trace of thread:
 java.lang.Object.wait(Native Method)
 java.lang.ref.ReferenceQueue.remove(ReferenceQueue.java:144)
 com.mysql.jdbc.AbandonedConnectionCleanupThread.run(AbandonedConnectionCleanupThread.java:43)
2018-09-22 02:02:57.565  INFO 9276 --- [main] ConditionEvaluationReportLoggingListener : 

Error starting ApplicationContext. To display the conditions report re-run your application with 'debug' enabled.
2018-09-22 02:02:57.569 ERROR 9276 --- [main] o.s.b.d.LoggingFailureAnalysisReporter   : 

***************************
APPLICATION FAILED TO START
***************************

Description:

Failed to bind properties under 'spring.datasource.type' to java.lang.Class<javax.sql.DataSource>:

    Property: spring.datasource.type
    Value: com.alibaba.druid.pool.DruidDataSource
    Origin: class path resource [application.yml]:8:11
    Reason: No converter found capable of converting from type [java.lang.String] to type [java.lang.Class<javax.sql.DataSource>]

Action:

Update your application's configuration

2018-09-22 02:16:47.246  INFO 7124 --- [main] com.qualityshop.GeneratorApplication     : Starting GeneratorApplication on DESKTOP-FNDNO0C with PID 7124 (D:\project\qualityshop\qualityshop-generator\target\classes started by Apple in D:\project\qualityshop\qualityshop-generator)
2018-09-22 02:16:47.257 DEBUG 7124 --- [main] com.qualityshop.GeneratorApplication     : Running with Spring Boot v2.0.3.RELEASE, Spring v5.0.7.RELEASE
2018-09-22 02:16:47.266  INFO 7124 --- [main] com.qualityshop.GeneratorApplication     : No active profile set, falling back to default profiles: default
2018-09-22 02:16:47.399  INFO 7124 --- [main] ConfigServletWebServerApplicationContext : Refreshing org.springframework.boot.web.servlet.context.AnnotationConfigServletWebServerApplicationContext@3349e9bb: startup date [Sat Sep 22 02:16:47 CST 2018]; root of context hierarchy
2018-09-22 02:16:51.123  INFO 7124 --- [main] o.s.b.w.embedded.tomcat.TomcatWebServer  : Tomcat initialized with port(s): 8082 (http)
2018-09-22 02:16:51.195  INFO 7124 --- [main] o.apache.catalina.core.StandardService   : Starting service [Tomcat]
2018-09-22 02:16:51.203  INFO 7124 --- [main] org.apache.catalina.core.StandardEngine  : Starting Servlet Engine: Apache Tomcat/8.5.31
2018-09-22 02:16:51.225  INFO 7124 --- [localhost-startStop-1] o.a.catalina.core.AprLifecycleListener   : The APR based Apache Tomcat Native library which allows optimal performance in production environments was not found on the java.library.path: [C:\Program Files\Java\jdk1.8.0_181\bin;C:\WINDOWS\Sun\Java\bin;C:\WINDOWS\system32;C:\WINDOWS;C:/Program Files/Java/jre1.8.0_181/bin/server;C:/Program Files/Java/jre1.8.0_181/bin;C:/Program Files/Java/jre1.8.0_181/lib/amd64;C:\Program Files (x86)\Common Files\Oracle\Java\javapath;C:\Program Files (x86)\Intel\iCLS Client\;C:\Program Files\Intel\iCLS Client\;C:\WINDOWS\system32;C:\WINDOWS;C:\WINDOWS\System32\Wbem;C:\WINDOWS\System32\WindowsPowerShell\v1.0\;C:\Program Files\PuTTY\;C:\Program Files\Java\jdk1.8.0_181\bin;C:\WINDOWS\System32\OpenSSH\;C:\Program Files\TortoiseSVN\bin;C:\Users\Apple\AppData\Local\Microsoft\WindowsApps;;C:\Program Files (x86)\SSH Communications Security\SSH Secure Shell;C:\Users\Apple\Desktop\ide\eclipse;;.]
2018-09-22 02:16:51.556  INFO 7124 --- [localhost-startStop-1] o.a.c.c.C.[.[.[/qualityshop-generator]   : Initializing Spring embedded WebApplicationContext
2018-09-22 02:16:51.557  INFO 7124 --- [localhost-startStop-1] o.s.web.context.ContextLoader            : Root WebApplicationContext: initialization completed in 4158 ms
2018-09-22 02:16:51.853  INFO 7124 --- [localhost-startStop-1] o.s.b.w.servlet.ServletRegistrationBean  : Servlet dispatcherServlet mapped to [/]
2018-09-22 02:16:51.863  INFO 7124 --- [localhost-startStop-1] o.s.b.w.servlet.FilterRegistrationBean   : Mapping filter: 'characterEncodingFilter' to: [/*]
2018-09-22 02:16:51.864  INFO 7124 --- [localhost-startStop-1] o.s.b.w.servlet.FilterRegistrationBean   : Mapping filter: 'hiddenHttpMethodFilter' to: [/*]
2018-09-22 02:16:51.865  INFO 7124 --- [localhost-startStop-1] o.s.b.w.servlet.FilterRegistrationBean   : Mapping filter: 'httpPutFormContentFilter' to: [/*]
2018-09-22 02:16:51.865  INFO 7124 --- [localhost-startStop-1] o.s.b.w.servlet.FilterRegistrationBean   : Mapping filter: 'requestContextFilter' to: [/*]
2018-09-22 02:16:52.098  WARN 7124 --- [main] ConfigServletWebServerApplicationContext : Exception encountered during context initialization - cancelling refresh attempt: org.springframework.beans.factory.UnsatisfiedDependencyException: Error creating bean with name 'dbConfig': Unsatisfied dependency expressed through field 'mySQLGeneratorDao'; nested exception is org.springframework.beans.factory.UnsatisfiedDependencyException: Error creating bean with name 'mySQLGeneratorDao' defined in file [D:\project\qualityshop\qualityshop-generator\target\classes\com\qualityshop\dao\MySQLGeneratorDao.class]: Unsatisfied dependency expressed through bean property 'sqlSessionFactory'; nested exception is org.springframework.beans.factory.UnsatisfiedDependencyException: Error creating bean with name 'sqlSessionFactory' defined in class path resource [org/mybatis/spring/boot/autoconfigure/MybatisAutoConfiguration.class]: Unsatisfied dependency expressed through method 'sqlSessionFactory' parameter 0; nested exception is org.springframework.beans.factory.UnsatisfiedDependencyException: Error creating bean with name 'dataSource' defined in class path resource [org/springframework/boot/autoconfigure/jdbc/DataSourceConfiguration$Generic.class]: Unsatisfied dependency expressed through method 'dataSource' parameter 0; nested exception is org.springframework.boot.context.properties.ConfigurationPropertiesBindException: Error creating bean with name 'spring.datasource-org.springframework.boot.autoconfigure.jdbc.DataSourceProperties': Could not bind properties to 'DataSourceProperties' : prefix=spring.datasource, ignoreInvalidFields=false, ignoreUnknownFields=true; nested exception is org.springframework.boot.context.properties.bind.BindException: Failed to bind properties under 'spring.datasource.type' to java.lang.Class<javax.sql.DataSource>
2018-09-22 02:16:52.104  INFO 7124 --- [main] o.apache.catalina.core.StandardService   : Stopping service [Tomcat]
2018-09-22 02:16:52.407  WARN 7124 --- [localhost-startStop-1] o.a.c.loader.WebappClassLoaderBase       : The web application [qualityshop-generator] appears to have started a thread named [Abandoned connection cleanup thread] but has failed to stop it. This is very likely to create a memory leak. Stack trace of thread:
 java.lang.Object.wait(Native Method)
 java.lang.ref.ReferenceQueue.remove(ReferenceQueue.java:144)
 com.mysql.jdbc.AbandonedConnectionCleanupThread.run(AbandonedConnectionCleanupThread.java:43)
2018-09-22 02:16:52.427  INFO 7124 --- [main] ConditionEvaluationReportLoggingListener : 

Error starting ApplicationContext. To display the conditions report re-run your application with 'debug' enabled.
2018-09-22 02:16:52.430 ERROR 7124 --- [main] o.s.b.d.LoggingFailureAnalysisReporter   : 

***************************
APPLICATION FAILED TO START
***************************

Description:

Failed to bind properties under 'spring.datasource.type' to java.lang.Class<javax.sql.DataSource>:

    Property: spring.datasource.type
    Value: com.alibaba.druid.pool.DruidDataSource
    Origin: class path resource [application.yml]:8:11
    Reason: No converter found capable of converting from type [java.lang.String] to type [java.lang.Class<javax.sql.DataSource>]

Action:

Update your application's configuration

